<?xml version="1.0" encoding="UTF-8"?>
<!-- Generated by org.testng.reporters.JUnitReportReporter -->
<testsuite hostname="DESKTOP-DJ4FDME" failures="0" tests="1" name="org.wipro.auto.uo.testcases.LoginScenario_JSON" time="2.807" errors="0" timestamp="2025-07-05T13:36:37 IST" skipped="0">
  <testcase classname="org.wipro.auto.uo.testcases.LoginScenario_JSON" name="tc01_validate_valid_login_func" time="2.807"/>
</testsuite> <!-- org.wipro.auto.uo.testcases.LoginScenario_JSON -->
