<?xml version="1.0" encoding="UTF-8"?>
<!-- Generated by org.testng.reporters.JUnitReportReporter -->
<testsuite hostname="DESKTOP-DJ4FDME" failures="0" tests="2" name="org.wipro.auto.uo.testcases.LoginScenario_test" time="3.249" errors="0" timestamp="2025-08-17T22:50:53 IST" skipped="1">
  <testcase classname="org.wipro.auto.uo.testcases.LoginScenario_test" name="tc01_validate_valid_login_func" time="3.249">
    <system-out>
      <![CDATA[Step 1: Enter username]]>
    </system-out>
  </testcase> <!-- tc01_validate_valid_login_func -->
  <testcase classname="org.wipro.auto.uo.testcases.LoginScenario_test" name="tc01_validate_invalid_login_func">
    <skipped/>
  </testcase> <!-- tc01_validate_invalid_login_func -->
  <system-out>
    <![CDATA[Step 1: Enter username]]>
  </system-out>
</testsuite> <!-- org.wipro.auto.uo.testcases.LoginScenario_test -->
