<?xml version="1.0" encoding="UTF-8"?>
<!-- Generated by org.testng.reporters.JUnitReportReporter -->
<testsuite hostname="DESKTOP-DJ4FDME" failures="0" tests="1" name="org.wipro.auto.uo.testcases.SampleTest" time="2.832" errors="0" timestamp="2025-08-17T22:54:24 IST" skipped="0">
  <testcase classname="org.wipro.auto.uo.testcases.SampleTest" name="verifyTitleTest" time="2.832"/>
</testsuite> <!-- org.wipro.auto.uo.testcases.SampleTest -->
